[[1;34mINFO[m] Scanning for projects...
[[1;34mINFO[m] 
[[1;34mINFO[m] [1m---------------------------< [0;36mcn.cordys:crm[0;1m >----------------------------[m
[[1;34mINFO[m] [1mBuilding crm main[m
[[1;34mINFO[m] [1m--------------------------------[ jar ]---------------------------------[m
[[1;34mINFO[m] 
[[1;34mINFO[m] [1m>>> [0;32mspring-boot-maven-plugin:3.5.7:run[m [1m(default-cli)[0;1m > [0;1mtest-compile[m @ [36mcrm[0;1m >>>[m
[[1;34mINFO[m] 
[[1;34mINFO[m] [1m--- [0;32mjacoco-maven-plugin:0.8.12:prepare-agent[m [1m(default)[m @ [36mcrm[0;1m ---[m
[[1;34mINFO[m] argLine set to -javaagent:/home/rogers/.m2/repository/org/jacoco/org.jacoco.agent/0.8.12/org.jacoco.agent-0.8.12-runtime.jar=destfile=/home/rogers/source/custom/CordysCRM/backend/crm/target/jacoco.exec,excludes=io/cordys/crm/*/mapper/**:io/cordys/crm/*/domain/**:io/cordys/common/**:io/cordys/config/**:io/cordys/aspectj/**:io/cordys/mybatis/**:io/cordys/security/**
[[1;34mINFO[m] 
[[1;34mINFO[m] [1m--- [0;32mmaven-resources-plugin:3.3.1:resources[m [1m(default-resources)[m @ [36mcrm[0;1m ---[m
[[1;34mINFO[m] Copying 65 resources from src/main/java to target/classes
[[1;34mINFO[m] Copying 99 resources from src/main/resources to target/classes
[[1;34mINFO[m] 
[[1;34mINFO[m] [1m--- [0;32mflatten-maven-plugin:1.6.0:flatten[m [1m(flatten)[m @ [36mcrm[0;1m ---[m
[[1;34mINFO[m] Generating flattened POM of project cn.cordys:crm:jar:main...
[[1;34mINFO[m] 
[[1;34mINFO[m] [1m--- [0;32mmaven-compiler-plugin:3.14.1:compile[m [1m(compile)[m @ [36mcrm[0;1m ---[m
[[1;34mINFO[m] Nothing to compile - all classes are up to date.
[[1;34mINFO[m] 
[[1;34mINFO[m] [1m--- [0;32mmaven-resources-plugin:3.3.1:testResources[m [1m(default-testResources)[m @ [36mcrm[0;1m ---[m
[[1;34mINFO[m] Copying 22 resources from src/test/resources to target/test-classes
[[1;34mINFO[m] 
[[1;34mINFO[m] [1m--- [0;32mmaven-compiler-plugin:3.14.1:testCompile[m [1m(testCompile)[m @ [36mcrm[0;1m ---[m
[[1;34mINFO[m] Recompiling the module because of [1mchanged source code[m.
[[1;34mINFO[m] Compiling 80 source files with javac [debug parameters release 21] to target/test-classes
[[1;34mINFO[m] Annotation processing is enabled because one or more processors were found
  on the class path. A future release of javac may disable annotation processing
  unless at least one processor is specified by name (-processor), or a search
  path is specified (--processor-path, --processor-module-path), or annotation
  processing is enabled explicitly (-proc:only, -proc:full).
  Use -Xlint:-options to suppress this message.
  Use -proc:none to disable annotation processing.
[[1;34mINFO[m] /home/rogers/source/custom/CordysCRM/backend/crm/src/test/java/cn/cordys/crm/base/BaseTest.java: Some input files use unchecked or unsafe operations.
[[1;34mINFO[m] /home/rogers/source/custom/CordysCRM/backend/crm/src/test/java/cn/cordys/crm/base/BaseTest.java: Recompile with -Xlint:unchecked for details.
[[1;34mINFO[m] 
[[1;34mINFO[m] [1m<<< [0;32mspring-boot-maven-plugin:3.5.7:run[m [1m(default-cli)[0;1m < [0;1mtest-compile[m @ [36mcrm[0;1m <<<[m
[[1;34mINFO[m] 
[[1;34mINFO[m] 
[[1;34mINFO[m] [1m--- [0;32mspring-boot-maven-plugin:3.5.7:run[m [1m(default-cli)[m @ [36mcrm[0;1m ---[m
[[1;34mINFO[m] [1m------------------------------------------------------------------------[m
[[1;34mINFO[m] [1;31mBUILD FAILURE[m
[[1;34mINFO[m] [1m------------------------------------------------------------------------[m
[[1;34mINFO[m] Total time:  5.378 s
[[1;34mINFO[m] Finished at: 2025-12-29T08:21:39+08:00
[[1;34mINFO[m] [1m------------------------------------------------------------------------[m
[[1;31mERROR[m] Failed to execute goal [32morg.springframework.boot:spring-boot-maven-plugin:3.5.7:run[m [1m(default-cli)[m on project [36mcrm[m: [1;31mUnable to find a suitable main class, please add a 'mainClass' property[m -> [1m[Help 1][m
[[1;31mERROR[m] 
[[1;31mERROR[m] To see the full stack trace of the errors, re-run Maven with the [1m-e[m switch.
[[1;31mERROR[m] Re-run Maven using the [1m-X[m switch to enable full debug logging.
[[1;31mERROR[m] 
[[1;31mERROR[m] For more information about the errors and possible solutions, please read the following articles:
[[1;31mERROR[m] [1m[Help 1][m http://cwiki.apache.org/confluence/display/MAVEN/MojoExecutionException
